{"sessionId": "684663", "runId": "pre-fix", "hypothesisId": "H1", "location": "config.py:import", "message": "Module import: about to load dotenv", "data": {"cwd": "C:\\Users\\Bredmak\\Desktop\\Tg bot", "has_dotenv_file_in_cwd": true, "has_env_example_in_cwd": true}, "timestamp": 1776080250931}
{"sessionId": "684663", "runId": "pre-fix", "hypothesisId": "H1", "location": "config.py:load_dotenv", "message": "Dotenv load attempted", "data": {"dotenv_path": "C:\\Users\\Bredmak\\Desktop\\Tg bot\\.env", "dotenv_exists": true, "bot_token_present": true, "ym_token_present": false}, "timestamp": 1776080250932}
{"sessionId": "684663", "runId": "pre-fix", "hypothesisId": "H2", "location": "config.py:load_config", "message": "Reading env vars", "data": {"cwd": "C:\\Users\\Bredmak\\Desktop\\Tg bot", "dotenv_path": "C:\\Users\\Bredmak\\Desktop\\Tg bot\\.env", "dotenv_exists": true, "bot_token_present": true, "ym_token_present": false}, "timestamp": 1776080251035}
{"sessionId": "684663", "runId": "pre-fix", "hypothesisId": "H3", "location": "main.py:startup", "message": "Python/venv/proxy diagnostics", "data": {"sys_executable": "C:\\Users\\Bredmak\\Desktop\\Tg bot\\.venv\\Scripts\\python.exe", "sys_version": "3.14.3", "proxy_set": true, "proxy_scheme": "socks5"}, "timestamp": 1776080251035}
{"sessionId": "684663", "runId": "pre-fix", "hypothesisId": "H4", "location": "main.py:proxy", "message": "aiohttp_socks import OK", "data": {}, "timestamp": 1776080251047}
{"sessionId": "684663", "runId": "pre-fix", "hypothesisId": "H1", "location": "config.py:import", "message": "Module import: about to load dotenv", "data": {"cwd": "C:\\Users\\Bredmak\\Desktop\\Tg bot", "has_dotenv_file_in_cwd": true, "has_env_example_in_cwd": true}, "timestamp": 1776080390617}
{"sessionId": "684663", "runId": "pre-fix", "hypothesisId": "H1", "location": "config.py:load_dotenv", "message": "Dotenv load attempted", "data": {"dotenv_path": "C:\\Users\\Bredmak\\Desktop\\Tg bot\\.env", "dotenv_exists": true, "bot_token_present": true, "ym_token_present": false}, "timestamp": 1776080390618}
{"sessionId": "684663", "runId": "pre-fix", "hypothesisId": "H2", "location": "config.py:load_config", "message": "Reading env vars", "data": {"cwd": "C:\\Users\\Bredmak\\Desktop\\Tg bot", "dotenv_path": "C:\\Users\\Bredmak\\Desktop\\Tg bot\\.env", "dotenv_exists": true, "bot_token_present": true, "ym_token_present": false}, "timestamp": 1776080390850}
{"sessionId": "684663", "runId": "pre-fix", "hypothesisId": "H3", "location": "main.py:startup", "message": "Python/venv/proxy diagnostics", "data": {"sys_executable": "C:\\Users\\Bredmak\\AppData\\Local\\Programs\\Python\\Python312\\python.exe", "sys_version": "3.12.7", "proxy_set": true, "proxy_scheme": "socks5"}, "timestamp": 1776080390850}
{"sessionId": "684663", "runId": "pre-fix", "hypothesisId": "H4", "location": "main.py:proxy", "message": "aiohttp_socks import OK", "data": {}, "timestamp": 1776080390865}
{"sessionId": "684663", "runId": "pre-fix", "hypothesisId": "H5", "location": "main.py:run", "message": "Run failed", "data": {"exc_type": "ProxyConnectionError", "proxy_set": true, "looks_like_proxy_issue": true}, "timestamp": 1776080393180}
{"sessionId": "684663", "runId": "pre-fix", "hypothesisId": "H1", "location": "config.py:import", "message": "Module import: about to load dotenv", "data": {"cwd": "C:\\Users\\Bredmak\\Desktop\\Tg bot", "has_dotenv_file_in_cwd": true, "has_env_example_in_cwd": true}, "timestamp": 1776080423140}
{"sessionId": "684663", "runId": "pre-fix", "hypothesisId": "H1", "location": "config.py:load_dotenv", "message": "Dotenv load attempted", "data": {"dotenv_path": "C:\\Users\\Bredmak\\Desktop\\Tg bot\\.env", "dotenv_exists": true, "bot_token_present": true, "ym_token_present": false}, "timestamp": 1776080423140}
{"sessionId": "684663", "runId": "pre-fix", "hypothesisId": "H2", "location": "config.py:load_config", "message": "Reading env vars", "data": {"cwd": "C:\\Users\\Bredmak\\Desktop\\Tg bot", "dotenv_path": "C:\\Users\\Bredmak\\Desktop\\Tg bot\\.env", "dotenv_exists": true, "bot_token_present": true, "ym_token_present": false}, "timestamp": 1776080423275}
{"sessionId": "684663", "runId": "pre-fix", "hypothesisId": "H3", "location": "main.py:startup", "message": "Python/venv/proxy diagnostics", "data": {"sys_executable": "C:\\Users\\Bredmak\\AppData\\Local\\Programs\\Python\\Python312\\python.exe", "sys_version": "3.12.7", "proxy_set": false, "proxy_scheme": null}, "timestamp": 1776080423275}
{"sessionId": "684663", "runId": "pre-fix", "hypothesisId": "H5", "location": "main.py:run", "message": "Run failed", "data": {"exc_type": "TelegramNetworkError", "proxy_set": false, "looks_like_proxy_issue": false}, "timestamp": 1776080444571}
{"sessionId": "684663", "runId": "pre-fix", "hypothesisId": "H1", "location": "config.py:import", "message": "Module import: about to load dotenv", "data": {"cwd": "C:\\Users\\Bredmak\\Desktop\\Tg bot", "has_dotenv_file_in_cwd": true, "has_env_example_in_cwd": true}, "timestamp": 1776080884749}
{"sessionId": "684663", "runId": "pre-fix", "hypothesisId": "H1", "location": "config.py:load_dotenv", "message": "Dotenv load attempted", "data": {"dotenv_path": "C:\\Users\\Bredmak\\Desktop\\Tg bot\\.env", "dotenv_exists": true, "bot_token_present": true, "ym_token_present": false}, "timestamp": 1776080884750}
{"sessionId": "684663", "runId": "pre-fix", "hypothesisId": "H2", "location": "config.py:load_config", "message": "Reading env vars", "data": {"cwd": "C:\\Users\\Bredmak\\Desktop\\Tg bot", "dotenv_path": "C:\\Users\\Bredmak\\Desktop\\Tg bot\\.env", "dotenv_exists": true, "bot_token_present": true, "ym_token_present": false}, "timestamp": 1776080884854}
{"sessionId": "684663", "runId": "pre-fix", "hypothesisId": "H3", "location": "main.py:startup", "message": "Python/venv/proxy diagnostics", "data": {"sys_executable": "C:\\Users\\Bredmak\\Desktop\\Tg bot\\.venv\\Scripts\\python.exe", "sys_version": "3.14.3", "proxy_set": true, "proxy_scheme": "socks5"}, "timestamp": 1776080884854}
{"sessionId": "684663", "runId": "pre-fix", "hypothesisId": "H4", "location": "main.py:proxy", "message": "aiohttp_socks import OK", "data": {}, "timestamp": 1776080884866}
